<?xml version="1.0" encoding="UTF-8"?>
<testng-results skipped="0" failed="0" ignored="0" total="1" passed="1">
  <reporter-output>
  </reporter-output>
  <suite name="Default suite" duration-ms="8860" started-at="2020-08-22T14:49:29Z" finished-at="2020-08-22T14:49:37Z">
    <groups>
    </groups>
    <test name="Default test" duration-ms="8860" started-at="2020-08-22T14:49:29Z" finished-at="2020-08-22T14:49:37Z">
      <class name="PajeObjectandFactoryModel.POF.LoginTest_pagefactory">
        <test-method status="PASS" signature="login()[pri:0, instance:PajeObjectandFactoryModel.POF.LoginTest_pagefactory@14acaea5]" name="login" duration-ms="8820" started-at="2020-08-22T14:49:29Z" finished-at="2020-08-22T14:49:37Z">
          <reporter-output>
          </reporter-output>
        </test-method> <!-- login -->
      </class> <!-- PajeObjectandFactoryModel.POF.LoginTest_pagefactory -->
    </test> <!-- Default test -->
  </suite> <!-- Default suite -->
</testng-results>
